0	 (i)  Log subsystem started in elapsed time mode.
0	 (i)  Logging [debug info (D), info (i), notices (M), warnings (W), errors (Er), fatal errors (!!)]
0	 (i)  Buffered mode: False
16	 (i)  Temporary rendering context created
16	 (M)  Getting OpenGL entry points and extension
32	 (M)  
32	 (i)  OpenGL rendering context information:
32	 (i)  Renderer     : Intel(R) HD Graphics 4000
32	 (i)  Vendor       : Intel
47	 (i)  Version      : 4.0.0 - Build 10.18.10.4425
47	 (i)  GLSL version : 4.00 - Build 10.18.10.4425
63	 (M)  
63	 (i)  Temporary rendering context destroyed
79	 (M)  Getting OpenGL entry points and extension
125	 (i)  Temporary rendering context created
125	 (M)  Getting OpenGL entry points and extension
125	 (i)  Temporary rendering context destroyed
157	 (M)  Getting OpenGL entry points and extension
67860	 (i)  Logged fatal_errors: 0, errors: 0, warnings: 0, notices: 6, info: 12, debug: 0
67860	 (i)  Log session shutdown
