0	 (i)  Log subsystem started in elapsed time mode.
0	 (i)  Logging [debug info (D), info (i), notices (M), warnings (W), errors (Er), fatal errors (!!)]
0	 (i)  Buffered mode: False
0	 (i)  Temporary rendering context created
16	 (M)  Getting OpenGL entry points and extension
16	 (M)  
16	 (i)  OpenGL rendering context information:
31	 (i)  Renderer     : Intel(R) HD Graphics 4000
31	 (i)  Vendor       : Intel
47	 (i)  Version      : 4.0.0 - Build 10.18.10.4425
47	 (i)  GLSL version : 4.00 - Build 10.18.10.4425
47	 (M)  
47	 (i)  Temporary rendering context destroyed
63	 (M)  Getting OpenGL entry points and extension
110	 (i)  Temporary rendering context created
110	 (M)  Getting OpenGL entry points and extension
125	 (i)  Temporary rendering context destroyed
156	 (M)  Getting OpenGL entry points and extension
74438	 (i)  Logged fatal_errors: 0, errors: 0, warnings: 0, notices: 6, info: 12, debug: 0
74438	 (i)  Log session shutdown
